<?xml version="1.0" encoding="UTF-8"?>
<!-- Generated by org.testng.reporters.JUnitReportReporter -->
<testsuite hostname="LAPTOP-V68VCHO3" failures="0" tests="1" name="com.crm.qa.tests.LoginPageTest" time="49.099" errors="0" timestamp="10 Jan 2022 22:31:28 GMT" skipped="0">
  <testcase classname="com.crm.qa.tests.LoginPageTest" name="logintest" time="49.099"/>
</testsuite> <!-- com.crm.qa.tests.LoginPageTest -->
